<?xml version="1.0" encoding="UTF-8"?>
<!-- Generated by org.testng.reporters.JUnitReportReporter -->
<testsuite hostname="LAPTOP-DAO6EJJG" failures="0" tests="2" name="qaclickacademy.Mavenjava.AppiumTest" time="0.007" errors="0" timestamp="2021-04-16T17:33:05 IST" skipped="0">
  <testcase classname="qaclickacademy.Mavenjava.AppiumTest" name="IosApps" time="0.007"/>
  <system-out/>
  <testcase classname="qaclickacademy.Mavenjava.AppiumTest" name="NativeAndroidApps" time="0.000"/>
  <system-out/>
</testsuite> <!-- qaclickacademy.Mavenjava.AppiumTest -->
