<?xml version="1.0" encoding="UTF-8"?>
<!-- Generated by org.testng.reporters.JUnitReportReporter -->
<testsuite hostname="LAPTOP-DAO6EJJG" failures="0" tests="2" name="qaclickacademy.Mavenjava.RestApiTest" time="0.002" errors="0" timestamp="2021-04-16T18:37:58 IST" skipped="0">
  <testcase classname="qaclickacademy.Mavenjava.RestApiTest" name="deleteTwitter" time="0.000"/>
  <system-out/>
  <testcase classname="qaclickacademy.Mavenjava.RestApiTest" name="Postjira" time="0.002"/>
  <system-out/>
</testsuite> <!-- qaclickacademy.Mavenjava.RestApiTest -->
